<?xml version="1.0" encoding="UTF-8"?>
<!-- Generated by org.testng.reporters.JUnitXMLReporter -->
<testsuite hostname="DEVESH-26SUPER5TAR" ignored="2" name="Default test(failed)" tests="1" failures="1" timestamp="12 Sep 2020 06:11:53 GMT" time="0.046" errors="0">
  <testcase name="tc2" time="0.013" classname="org.re.A">
    <failure type="java.lang.AssertionError" message="assert failure expected [true] but found [false]">
      <![CDATA[java.lang.AssertionError: assert failure expected [true] but found [false]
at org.re.A.tc2(A.java:14)
... Removed 28 stack frames]]>
    </failure>
  </testcase> <!-- tc2 -->
  <testcase name="tc1" time="0.0" classname="org.re.A">
    <ignored/>
  </testcase> <!-- tc1 -->
  <testcase name="tc3" time="0.0" classname="org.re.A">
    <ignored/>
  </testcase> <!-- tc3 -->
</testsuite> <!-- Default test(failed) -->
