<?xml version="1.0" encoding="UTF-8"?>
<!-- Generated by org.testng.reporters.JUnitXMLReporter -->
<testsuite hostname="DEVESH-26SUPER5TAR" ignored="0" name="Test" tests="6" failures="1" timestamp="12 Sep 2020 06:50:55 GMT" time="0.097" errors="0">
  <testcase name="tc1" time="0.012" classname="org.re.A"/>
  <testcase name="tc2" time="0.004" classname="org.re.A">
    <skipped/>
  </testcase> <!-- tc2 -->
  <testcase name="tc2" time="0.002" classname="org.re.A">
    <skipped/>
  </testcase> <!-- tc2 -->
  <testcase name="tc2" time="0.001" classname="org.re.A">
    <skipped/>
  </testcase> <!-- tc2 -->
  <testcase name="tc2" time="0.001" classname="org.re.A">
    <failure type="java.lang.AssertionError" message="assert failure expected [true] but found [false]">
      <![CDATA[java.lang.AssertionError: assert failure expected [true] but found [false]
at org.re.A.tc2(A.java:15)
... Removed 28 stack frames]]>
    </failure>
  </testcase> <!-- tc2 -->
  <testcase name="tc3" time="0.014" classname="org.re.A"/>
</testsuite> <!-- Test -->
